2020-11-14 10:56:59 -  - exec CUpdateClientPartner::SearchModulesEx
2020-11-14 10:56:59 -  - exec CUpdateClientPartner::__CollectRequestData
2020-11-14 10:56:59 -  - utf=Y&lang=ru&stable=Y&CANGZIP=Y&SUPD_DBS=MYSQL&XE=N&CLIENT_SITE=orentur56.wmax.ru&LICENSE_KEY=X&SUPD_STS=1&SUPD_URS=0&SUPD_URSA=1&TYPENC=D&CLIENT_PHPVER=7.2.32&NGINX=Y&dbv=10.3.24&instm=main%2C20.5.393%2CY%3Bim%2C20.0.925%2CN%3Bsocialservices%2C20.0.200%2CN%3Bscale%2C17.5.0%2CN%3Blists%2C20.0.600%2CN%3Bpull%2C20.5.300%2CN%3Bfileman%2C20.0.600%2CN%3Bbitrix.sitepersonal%2C15.5.0%2CN%3Bforum%2C20.0.600%2CN%3Bcalendar%2C20.0.800%2CN%3Bmessageservice%2C20.5.0%2CN%3Bsubscribe%2C20.5.0%2CN%3Bb24connector%2C20.5.0%2CN%3Bsearch%2C20.5.0%2CN%3Bworkflow%2C20.5.0%2CN%3Bclouds%2C20.5.0%2CN%3Bsupport%2C16.0.0%2CN%3Bbitrixcloud%2C20.5.0%2CN%3Btranslate%2C19.0.600%2CN%3Babtest%2C18.5.0%2CN%3Bphotogallery%2C20.0.100%2CN%3Bsocialnetwork%2C20.5.687%2CN%3Biblock%2C20.0.800%2CN%3Bcatalog%2C20.0.380%2CN%3Bbitrix.sitecommunity%2C15.5.0%2CN%3Bsender%2C20.0.300%2CN%3Bmobileapp%2C20.0.100%2CN%3Bbizprocdesigner%2C20.0.100%2CN%3Badvertising%2C20.5.0%2CN%3Bstoreassist%2C18.1.0%2CN%3Bconversion%2C18.5.1%2CN%3Bsecurity%2C20.5.0%2CN%3Bvote%2C20.0.400%2CN%3Bbitrix.sitecorporate%2C15.5.0%2CN%3Bbitrix.siteinfoportal%2C15.5.0%2CN%3Blanding%2C20.4.50%2CN%3Bui%2C20.5.450%2CN%3Bsale%2C20.0.699%2CN%3Bblog%2C20.0.200%2CN%3Bwebservice%2C18.0.0%2CN%3Brest%2C20.0.700%2CN%3Bbizproc%2C20.0.1300%2CN%3Bidea%2C17.5.1%2CN%3Breport%2C20.0.0%2CN%3Blearning%2C20.5.0%2CN%3Bform%2C18.0.0%2CN%3Bperfmon%2C20.5.0%2CN%3Bseo%2C20.0.200%2CN%3Bmail%2C20.6.300%2CN%3Bwiki%2C20.0.0%2CN%3Bhighloadblock%2C20.0.300%2CN%3Bstatistic%2C20.5.100%2CN%3Bbitrix.eshop%2C18.5.0%2CN%3Bcurrency%2C20.0.300%2CN&search_module_id=&search_module=&search_category=7%2C14&search_type=&search_order=DESC&search_order_by=SORT&search_page=1&SUPD_SRS=RU&SUPD_CMP=N
2020-11-14 10:56:59 -  - exec CUpdateClientPartner::GetHTTPPage
2020-11-14 10:57:00 -  - TIME SearchModulesEx(request) 1.234 sec
2020-11-14 10:57:00 -  - exec CUpdateClientPartner::ParseServerData
2020-11-14 10:59:39 -  - exec CUpdateClientPartner::LoadModulesUpdates
2020-11-14 10:59:39 -  - exec CUpdateClientPartner::__CollectRequestData
2020-11-14 10:59:39 -  - utf=Y&lang=ru&stable=Y&CANGZIP=Y&SUPD_DBS=MYSQL&XE=N&CLIENT_SITE=orentur56.wmax.ru&LICENSE_KEY=X&SUPD_STS=1&SUPD_URS=0&SUPD_URSA=1&TYPENC=D&CLIENT_PHPVER=7.2.32&NGINX=Y&dbv=10.3.24&instm=main%2C20.5.393%2CY%3Bim%2C20.0.925%2CN%3Bsocialservices%2C20.0.200%2CN%3Bscale%2C17.5.0%2CN%3Blists%2C20.0.600%2CN%3Bpull%2C20.5.300%2CN%3Bfileman%2C20.0.600%2CN%3Bbitrix.sitepersonal%2C15.5.0%2CN%3Bforum%2C20.0.600%2CN%3Bcalendar%2C20.0.800%2CN%3Bmessageservice%2C20.5.0%2CN%3Bsubscribe%2C20.5.0%2CN%3Bb24connector%2C20.5.0%2CN%3Bsearch%2C20.5.0%2CN%3Bworkflow%2C20.5.0%2CN%3Bclouds%2C20.5.0%2CN%3Bsupport%2C16.0.0%2CN%3Bbitrixcloud%2C20.5.0%2CN%3Btranslate%2C19.0.600%2CN%3Babtest%2C18.5.0%2CN%3Bphotogallery%2C20.0.100%2CN%3Bsocialnetwork%2C20.5.687%2CN%3Biblock%2C20.0.800%2CN%3Bcatalog%2C20.0.380%2CN%3Bbitrix.sitecommunity%2C15.5.0%2CN%3Bsender%2C20.0.300%2CN%3Bmobileapp%2C20.0.100%2CN%3Bbizprocdesigner%2C20.0.100%2CN%3Badvertising%2C20.5.0%2CN%3Bstoreassist%2C18.1.0%2CN%3Bconversion%2C18.5.1%2CN%3Bsecurity%2C20.5.0%2CN%3Bvote%2C20.0.400%2CN%3Bbitrix.sitecorporate%2C15.5.0%2CN%3Bbitrix.siteinfoportal%2C15.5.0%2CN%3Blanding%2C20.4.50%2CN%3Bui%2C20.5.450%2CN%3Bsale%2C20.0.699%2CN%3Bblog%2C20.0.200%2CN%3Bwebservice%2C18.0.0%2CN%3Brest%2C20.0.700%2CN%3Bbizproc%2C20.0.1300%2CN%3Bidea%2C17.5.1%2CN%3Breport%2C20.0.0%2CN%3Blearning%2C20.5.0%2CN%3Bform%2C18.0.0%2CN%3Bperfmon%2C20.5.0%2CN%3Bseo%2C20.0.200%2CN%3Bmail%2C20.6.300%2CN%3Bwiki%2C20.0.0%2CN%3Bhighloadblock%2C20.0.300%2CN%3Bstatistic%2C20.5.100%2CN%3Bbitrix.eshop%2C18.5.0%2CN%3Bcurrency%2C20.0.300%2CN&reqm=nsandrey.emptyinstall&lim=Y&SUPD_SRS=RU&SUPD_CMP=N
2020-11-14 10:59:39 -  - exec CUpdateClientPartner::GetHTTPPage
2020-11-14 10:59:39 -  - TIME LoadModulesUpdates(request) 0.362 sec
2020-11-14 10:59:39 -  - exec CUpdateClientPartner::ParseServerData
2020-11-14 10:59:39 - S - STEP
2020-11-14 10:59:39 - LM4W01 - loadModule4Wizard-Step
2020-11-14 10:59:39 -  - exec CUpdateClientPartner::LoadModulesUpdates
2020-11-14 10:59:39 -  - exec CUpdateClientPartner::ParseServerData
2020-11-14 10:59:39 -  - loadFile
2020-11-14 10:59:39 - U - RETURN
2020-11-14 10:59:39 -  - exec CUpdateClientPartner::UnGzipArchive
2020-11-14 10:59:39 -  - TIME UnGzipArchive 0.008 sec
2020-11-14 10:59:39 -  - TIME UpdateStepModules 0.013 sec
2020-11-14 10:59:40 -  - exec CUpdateClientPartner::LoadModulesUpdates
2020-11-14 10:59:40 -  - exec CUpdateClientPartner::__CollectRequestData
2020-11-14 10:59:40 -  - utf=Y&lang=ru&stable=Y&CANGZIP=Y&SUPD_DBS=MYSQL&XE=N&CLIENT_SITE=orentur56.wmax.ru&LICENSE_KEY=X&SUPD_STS=1&SUPD_URS=0&SUPD_URSA=1&TYPENC=D&CLIENT_PHPVER=7.2.32&NGINX=Y&dbv=10.3.24&instm=main%2C20.5.393%2CY%3Bim%2C20.0.925%2CN%3Bsocialservices%2C20.0.200%2CN%3Bscale%2C17.5.0%2CN%3Blists%2C20.0.600%2CN%3Bpull%2C20.5.300%2CN%3Bfileman%2C20.0.600%2CN%3Bbitrix.sitepersonal%2C15.5.0%2CN%3Bforum%2C20.0.600%2CN%3Bcalendar%2C20.0.800%2CN%3Bmessageservice%2C20.5.0%2CN%3Bsubscribe%2C20.5.0%2CN%3Bb24connector%2C20.5.0%2CN%3Bsearch%2C20.5.0%2CN%3Bworkflow%2C20.5.0%2CN%3Bclouds%2C20.5.0%2CN%3Bsupport%2C16.0.0%2CN%3Bbitrixcloud%2C20.5.0%2CN%3Btranslate%2C19.0.600%2CN%3Babtest%2C18.5.0%2CN%3Bphotogallery%2C20.0.100%2CN%3Bnsandrey.emptyinstall%2C1.0.5%2CN%3Bsocialnetwork%2C20.5.687%2CN%3Biblock%2C20.0.800%2CN%3Bcatalog%2C20.0.380%2CN%3Bbitrix.sitecommunity%2C15.5.0%2CN%3Bsender%2C20.0.300%2CN%3Bmobileapp%2C20.0.100%2CN%3Bbizprocdesigner%2C20.0.100%2CN%3Badvertising%2C20.5.0%2CN%3Bstoreassist%2C18.1.0%2CN%3Bconversion%2C18.5.1%2CN%3Bsecurity%2C20.5.0%2CN%3Bvote%2C20.0.400%2CN%3Bbitrix.sitecorporate%2C15.5.0%2CN%3Bbitrix.siteinfoportal%2C15.5.0%2CN%3Blanding%2C20.4.50%2CN%3Bui%2C20.5.450%2CN%3Bsale%2C20.0.699%2CN%3Bblog%2C20.0.200%2CN%3Bwebservice%2C18.0.0%2CN%3Brest%2C20.0.700%2CN%3Bbizproc%2C20.0.1300%2CN%3Bidea%2C17.5.1%2CN%3Breport%2C20.0.0%2CN%3Blearning%2C20.5.0%2CN%3Bform%2C18.0.0%2CN%3Bperfmon%2C20.5.0%2CN%3Bseo%2C20.0.200%2CN%3Bmail%2C20.6.300%2CN%3Bwiki%2C20.0.0%2CN%3Bhighloadblock%2C20.0.300%2CN%3Bstatistic%2C20.5.100%2CN%3Bbitrix.eshop%2C18.5.0%2CN%3Bcurrency%2C20.0.300%2CN&reqm=nsandrey.emptyinstall&lim=Y&SUPD_SRS=RU&SUPD_CMP=N
2020-11-14 10:59:40 -  - exec CUpdateClientPartner::GetHTTPPage
2020-11-14 10:59:40 -  - TIME LoadModulesUpdates(request) 0.369 sec
2020-11-14 10:59:40 -  - exec CUpdateClientPartner::ParseServerData
2020-11-14 10:59:40 - STEP - Finish - NOUPDATES
2020-11-14 10:59:40 - LM4W03 - Finish - NOUPDATES
2020-11-14 11:02:30 -  - exec CUpdateClientPartner::__CollectRequestData
2020-11-14 11:02:30 -  - exec CUpdateClientPartner::GetHTTPPage
2020-11-14 11:02:30 -  - exec CUpdateClientPartner::ParseServerData
2020-11-14 11:02:30 -  - exec CUpdateClientPartner::GetUpdatesList
2020-11-14 11:02:30 -  - exec CUpdateClientPartner::__CollectRequestData
2020-11-14 11:02:30 -  - utf=Y&lang=ru&stable=Y&CANGZIP=Y&SUPD_DBS=MYSQL&XE=N&CLIENT_SITE=orentur56.wmax.ru&LICENSE_KEY=X&SUPD_STS=1&SUPD_URS=0&SUPD_URSA=1&TYPENC=D&CLIENT_PHPVER=7.2.32&NGINX=Y&dbv=10.3.24&instm=main%2C20.5.393%2CY%3Bim%2C20.0.925%2CN%3Bsocialservices%2C20.0.200%2CN%3Bscale%2C17.5.0%2CN%3Blists%2C20.0.600%2CN%3Bpull%2C20.5.300%2CN%3Bfileman%2C20.0.600%2CN%3Bbitrix.sitepersonal%2C15.5.0%2CN%3Bforum%2C20.0.600%2CN%3Bcalendar%2C20.0.800%2CN%3Bmessageservice%2C20.5.0%2CN%3Bsubscribe%2C20.5.0%2CN%3Bb24connector%2C20.5.0%2CN%3Bsearch%2C20.5.0%2CN%3Bworkflow%2C20.5.0%2CN%3Bclouds%2C20.5.0%2CN%3Bsupport%2C16.0.0%2CN%3Bbitrixcloud%2C20.5.0%2CN%3Btranslate%2C19.0.600%2CN%3Babtest%2C18.5.0%2CN%3Bphotogallery%2C20.0.100%2CN%3Bnsandrey.emptyinstall%2C1.0.5%2CN%3Bsocialnetwork%2C20.5.687%2CN%3Biblock%2C20.0.800%2CN%3Bcatalog%2C20.0.380%2CN%3Bbitrix.sitecommunity%2C15.5.0%2CN%3Bsender%2C20.0.300%2CN%3Bmobileapp%2C20.0.100%2CN%3Bbizprocdesigner%2C20.0.100%2CN%3Badvertising%2C20.5.0%2CN%3Bstoreassist%2C18.1.0%2CN%3Bconversion%2C18.5.1%2CN%3Bsecurity%2C20.5.0%2CN%3Bvote%2C20.0.400%2CN%3Bbitrix.sitecorporate%2C15.5.0%2CN%3Bbitrix.siteinfoportal%2C15.5.0%2CN%3Blanding%2C20.4.50%2CN%3Bui%2C20.5.450%2CN%3Bsale%2C20.0.699%2CN%3Bblog%2C20.0.200%2CN%3Bwebservice%2C18.0.0%2CN%3Brest%2C20.0.700%2CN%3Bbizproc%2C20.0.1300%2CN%3Bidea%2C17.5.1%2CN%3Breport%2C20.0.0%2CN%3Blearning%2C20.5.0%2CN%3Bform%2C18.0.0%2CN%3Bperfmon%2C20.5.0%2CN%3Bseo%2C20.0.200%2CN%3Bmail%2C20.6.300%2CN%3Bwiki%2C20.0.0%2CN%3Bhighloadblock%2C20.0.300%2CN%3Bstatistic%2C20.5.100%2CN%3Bbitrix.eshop%2C18.5.0%2CN%3Bcurrency%2C20.0.300%2CN&reqm=bitrix.sitepersonal%2Cnsandrey.emptyinstall%2Cbitrix.sitecommunity%2Cbitrix.sitecorporate%2Cbitrix.siteinfoportal%2Cbitrix.eshop&fullmoduleinfo=Y&SUPD_SRS=RU&SUPD_CMP=N
2020-11-14 11:02:30 -  - exec CUpdateClientPartner::GetHTTPPage
2020-11-14 11:02:30 -  - TIME GetUpdatesList(request) 0.305 sec
2020-11-14 11:02:30 -  - exec CUpdateClientPartner::ParseServerData
2020-11-14 11:02:30 -  - exec CUpdateClientPartner::__CollectRequestData
2020-11-14 11:02:30 -  - exec CUpdateClientPartner::GetHTTPPage
2020-11-14 11:02:31 -  - exec CUpdateClientPartner::ParseServerData
